

Started GET "/" for 127.0.0.1 at 2016-01-04 13:11:01 +0100
Processing by Rails::WelcomeController#index as HTML
  Rendered /usr/local/lib/ruby/gems/2.2.0/gems/railties-4.2.4/lib/rails/templates/rails/welcome/index.html.erb (1.4ms)
Completed 200 OK in 105ms (Views: 89.5ms | ActiveRecord: 0.0ms)


Started GET "/" for 127.0.0.1 at 2016-01-04 13:18:33 +0100
  [1m[36mActiveRecord::SchemaMigration Load (4.4ms)[0m  [1mSELECT "schema_migrations".* FROM "schema_migrations"[0m
Processing by Rails::WelcomeController#index as HTML
  Rendered /usr/local/lib/ruby/gems/2.2.0/gems/railties-4.2.4/lib/rails/templates/rails/welcome/index.html.erb (0.9ms)
Completed 200 OK in 14ms (Views: 3.6ms | ActiveRecord: 0.0ms)


Started GET "/" for 127.0.0.1 at 2016-01-04 13:18:40 +0100
Processing by Rails::WelcomeController#index as HTML
  Rendered /usr/local/lib/ruby/gems/2.2.0/gems/railties-4.2.4/lib/rails/templates/rails/welcome/index.html.erb (0.0ms)
Completed 200 OK in 1ms (Views: 0.8ms | ActiveRecord: 0.0ms)


Started GET "/" for 127.0.0.1 at 2016-01-04 13:18:41 +0100
Processing by Rails::WelcomeController#index as HTML
  Rendered /usr/local/lib/ruby/gems/2.2.0/gems/railties-4.2.4/lib/rails/templates/rails/welcome/index.html.erb (0.0ms)
Completed 200 OK in 1ms (Views: 0.8ms | ActiveRecord: 0.0ms)


Started GET "/" for 127.0.0.1 at 2016-01-04 13:18:43 +0100
Processing by Rails::WelcomeController#index as HTML
  Rendered /usr/local/lib/ruby/gems/2.2.0/gems/railties-4.2.4/lib/rails/templates/rails/welcome/index.html.erb (0.1ms)
Completed 200 OK in 1ms (Views: 0.8ms | ActiveRecord: 0.0ms)


Started GET "/" for 127.0.0.1 at 2016-01-04 13:19:35 +0100
  [1m[36mActiveRecord::SchemaMigration Load (0.1ms)[0m  [1mSELECT "schema_migrations".* FROM "schema_migrations"[0m
Processing by StaticPagesController#home as HTML
  Rendered offers/_search.html.erb (0.5ms)
ActsAsTaggableOn.delimiter is deprecated and will be removed from v4.0+, use  a ActsAsTaggableOn.default_parser instead

  [1m[35mOffer Load (0.3ms)[0m  SELECT "offers".* FROM "offers"
  Rendered static_pages/home.html.erb within layouts/application (92.5ms)
Completed 500 Internal Server Error in 107ms (ActiveRecord: 0.5ms)

ActionView::Template::Error (undefined method `paginate' for #<Array:0x007ff74f3dd4b8>):
     6: <h2>latest offers</h2>
     7: <% offers = Offer.all %>
     8: <div class="container">
     9:   <% offers=sort_and_paginate_home(offers).each do |offer| %>
    10:     <%= render 'offers/index_filler', offer: offer %>
    11:   <% end %>
    12: </div>
  app/helpers/offers_helper.rb:34:in `sort_and_paginate_home'
  app/views/static_pages/home.html.erb:9:in `_app_views_static_pages_home_html_erb___1289476841631949972_70350066488320'


  Rendered /usr/local/lib/ruby/gems/2.2.0/gems/actionpack-4.2.4/lib/action_dispatch/middleware/templates/rescues/_source.erb (8.0ms)
  Rendered /usr/local/lib/ruby/gems/2.2.0/gems/actionpack-4.2.4/lib/action_dispatch/middleware/templates/rescues/_trace.html.erb (2.0ms)
  Rendered /usr/local/lib/ruby/gems/2.2.0/gems/actionpack-4.2.4/lib/action_dispatch/middleware/templates/rescues/_request_and_response.html.erb (0.6ms)
  Rendered /usr/local/lib/ruby/gems/2.2.0/gems/actionpack-4.2.4/lib/action_dispatch/middleware/templates/rescues/template_error.html.erb within rescues/layout (19.5ms)
  Rendered /usr/local/lib/ruby/gems/2.2.0/gems/web-console-2.2.1/lib/web_console/templates/_markup.html.erb (0.2ms)
  Rendered /usr/local/lib/ruby/gems/2.2.0/gems/web-console-2.2.1/lib/web_console/templates/_inner_console_markup.html.erb within layouts/inlined_string (0.2ms)
  Rendered /usr/local/lib/ruby/gems/2.2.0/gems/web-console-2.2.1/lib/web_console/templates/_prompt_box_markup.html.erb within layouts/inlined_string (0.1ms)
  Rendered /usr/local/lib/ruby/gems/2.2.0/gems/web-console-2.2.1/lib/web_console/templates/style.css.erb within layouts/inlined_string (0.2ms)
  Rendered /usr/local/lib/ruby/gems/2.2.0/gems/web-console-2.2.1/lib/web_console/templates/console.js.erb within layouts/javascript (9.7ms)
  Rendered /usr/local/lib/ruby/gems/2.2.0/gems/web-console-2.2.1/lib/web_console/templates/main.js.erb within layouts/javascript (0.1ms)
  Rendered /usr/local/lib/ruby/gems/2.2.0/gems/web-console-2.2.1/lib/web_console/templates/error_page.js.erb within layouts/javascript (0.2ms)
  Rendered /usr/local/lib/ruby/gems/2.2.0/gems/web-console-2.2.1/lib/web_console/templates/index.html.erb (19.4ms)


Started GET "/home" for 127.0.0.1 at 2016-01-04 13:19:44 +0100

ActionController::RoutingError (No route matches [GET] "/home"):
  actionpack (4.2.4) lib/action_dispatch/middleware/debug_exceptions.rb:21:in `call'
  web-console (2.2.1) lib/web_console/middleware.rb:39:in `call'
  actionpack (4.2.4) lib/action_dispatch/middleware/show_exceptions.rb:30:in `call'
  railties (4.2.4) lib/rails/rack/logger.rb:38:in `call_app'
  railties (4.2.4) lib/rails/rack/logger.rb:20:in `block in call'
  activesupport (4.2.4) lib/active_support/tagged_logging.rb:68:in `block in tagged'
  activesupport (4.2.4) lib/active_support/tagged_logging.rb:26:in `tagged'
  activesupport (4.2.4) lib/active_support/tagged_logging.rb:68:in `tagged'
  railties (4.2.4) lib/rails/rack/logger.rb:20:in `call'
  actionpack (4.2.4) lib/action_dispatch/middleware/request_id.rb:21:in `call'
  rack (1.6.4) lib/rack/methodoverride.rb:22:in `call'
  rack (1.6.4) lib/rack/runtime.rb:18:in `call'
  activesupport (4.2.4) lib/active_support/cache/strategy/local_cache_middleware.rb:28:in `call'
  rack (1.6.4) lib/rack/lock.rb:17:in `call'
  actionpack (4.2.4) lib/action_dispatch/middleware/static.rb:116:in `call'
  rack (1.6.4) lib/rack/sendfile.rb:113:in `call'
  railties (4.2.4) lib/rails/engine.rb:518:in `call'
  railties (4.2.4) lib/rails/application.rb:165:in `call'
  rack (1.6.4) lib/rack/lock.rb:17:in `call'
  rack (1.6.4) lib/rack/content_length.rb:15:in `call'
  rack (1.6.4) lib/rack/handler/webrick.rb:88:in `service'
  /usr/local/lib/ruby/2.2.0/webrick/httpserver.rb:138:in `service'
  /usr/local/lib/ruby/2.2.0/webrick/httpserver.rb:94:in `run'
  /usr/local/lib/ruby/2.2.0/webrick/server.rb:294:in `block in start_thread'


  Rendered /usr/local/lib/ruby/gems/2.2.0/gems/actionpack-4.2.4/lib/action_dispatch/middleware/templates/rescues/_trace.html.erb (1.0ms)
  Rendered /usr/local/lib/ruby/gems/2.2.0/gems/actionpack-4.2.4/lib/action_dispatch/middleware/templates/routes/_route.html.erb (1.1ms)
  Rendered /usr/local/lib/ruby/gems/2.2.0/gems/actionpack-4.2.4/lib/action_dispatch/middleware/templates/routes/_table.html.erb (4.2ms)
  Rendered /usr/local/lib/ruby/gems/2.2.0/gems/actionpack-4.2.4/lib/action_dispatch/middleware/templates/rescues/_request_and_response.html.erb (1.2ms)
  Rendered /usr/local/lib/ruby/gems/2.2.0/gems/actionpack-4.2.4/lib/action_dispatch/middleware/templates/rescues/routing_error.html.erb within rescues/layout (23.4ms)
  Rendered /usr/local/lib/ruby/gems/2.2.0/gems/web-console-2.2.1/lib/web_console/templates/_markup.html.erb (0.3ms)
  Rendered /usr/local/lib/ruby/gems/2.2.0/gems/web-console-2.2.1/lib/web_console/templates/_inner_console_markup.html.erb within layouts/inlined_string (0.2ms)
  Rendered /usr/local/lib/ruby/gems/2.2.0/gems/web-console-2.2.1/lib/web_console/templates/_prompt_box_markup.html.erb within layouts/inlined_string (0.2ms)
  Rendered /usr/local/lib/ruby/gems/2.2.0/gems/web-console-2.2.1/lib/web_console/templates/style.css.erb within layouts/inlined_string (0.2ms)
  Rendered /usr/local/lib/ruby/gems/2.2.0/gems/web-console-2.2.1/lib/web_console/templates/console.js.erb within layouts/javascript (9.8ms)
  Rendered /usr/local/lib/ruby/gems/2.2.0/gems/web-console-2.2.1/lib/web_console/templates/main.js.erb within layouts/javascript (0.2ms)
  Rendered /usr/local/lib/ruby/gems/2.2.0/gems/web-console-2.2.1/lib/web_console/templates/error_page.js.erb within layouts/javascript (0.2ms)
  Rendered /usr/local/lib/ruby/gems/2.2.0/gems/web-console-2.2.1/lib/web_console/templates/index.html.erb (20.2ms)


Started GET "/records/" for 127.0.0.1 at 2016-01-04 13:19:51 +0100

ActionController::RoutingError (No route matches [GET] "/records"):
  actionpack (4.2.4) lib/action_dispatch/middleware/debug_exceptions.rb:21:in `call'
  web-console (2.2.1) lib/web_console/middleware.rb:39:in `call'
  actionpack (4.2.4) lib/action_dispatch/middleware/show_exceptions.rb:30:in `call'
  railties (4.2.4) lib/rails/rack/logger.rb:38:in `call_app'
  railties (4.2.4) lib/rails/rack/logger.rb:20:in `block in call'
  activesupport (4.2.4) lib/active_support/tagged_logging.rb:68:in `block in tagged'
  activesupport (4.2.4) lib/active_support/tagged_logging.rb:26:in `tagged'
  activesupport (4.2.4) lib/active_support/tagged_logging.rb:68:in `tagged'
  railties (4.2.4) lib/rails/rack/logger.rb:20:in `call'
  actionpack (4.2.4) lib/action_dispatch/middleware/request_id.rb:21:in `call'
  rack (1.6.4) lib/rack/methodoverride.rb:22:in `call'
  rack (1.6.4) lib/rack/runtime.rb:18:in `call'
  activesupport (4.2.4) lib/active_support/cache/strategy/local_cache_middleware.rb:28:in `call'
  rack (1.6.4) lib/rack/lock.rb:17:in `call'
  actionpack (4.2.4) lib/action_dispatch/middleware/static.rb:116:in `call'
  rack (1.6.4) lib/rack/sendfile.rb:113:in `call'
  railties (4.2.4) lib/rails/engine.rb:518:in `call'
  railties (4.2.4) lib/rails/application.rb:165:in `call'
  rack (1.6.4) lib/rack/lock.rb:17:in `call'
  rack (1.6.4) lib/rack/content_length.rb:15:in `call'
  rack (1.6.4) lib/rack/handler/webrick.rb:88:in `service'
  /usr/local/lib/ruby/2.2.0/webrick/httpserver.rb:138:in `service'
  /usr/local/lib/ruby/2.2.0/webrick/httpserver.rb:94:in `run'
  /usr/local/lib/ruby/2.2.0/webrick/server.rb:294:in `block in start_thread'


  Rendered /usr/local/lib/ruby/gems/2.2.0/gems/actionpack-4.2.4/lib/action_dispatch/middleware/templates/rescues/_trace.html.erb (1.0ms)
  Rendered /usr/local/lib/ruby/gems/2.2.0/gems/actionpack-4.2.4/lib/action_dispatch/middleware/templates/routes/_route.html.erb (1.1ms)
  Rendered /usr/local/lib/ruby/gems/2.2.0/gems/actionpack-4.2.4/lib/action_dispatch/middleware/templates/routes/_table.html.erb (1.1ms)
  Rendered /usr/local/lib/ruby/gems/2.2.0/gems/actionpack-4.2.4/lib/action_dispatch/middleware/templates/rescues/_request_and_response.html.erb (0.9ms)
  Rendered /usr/local/lib/ruby/gems/2.2.0/gems/actionpack-4.2.4/lib/action_dispatch/middleware/templates/rescues/routing_error.html.erb within rescues/layout (19.7ms)
  Rendered /usr/local/lib/ruby/gems/2.2.0/gems/web-console-2.2.1/lib/web_console/templates/_markup.html.erb (0.2ms)
  Rendered /usr/local/lib/ruby/gems/2.2.0/gems/web-console-2.2.1/lib/web_console/templates/_inner_console_markup.html.erb within layouts/inlined_string (0.2ms)
  Rendered /usr/local/lib/ruby/gems/2.2.0/gems/web-console-2.2.1/lib/web_console/templates/_prompt_box_markup.html.erb within layouts/inlined_string (0.1ms)
  Rendered /usr/local/lib/ruby/gems/2.2.0/gems/web-console-2.2.1/lib/web_console/templates/style.css.erb within layouts/inlined_string (0.2ms)
  Rendered /usr/local/lib/ruby/gems/2.2.0/gems/web-console-2.2.1/lib/web_console/templates/console.js.erb within layouts/javascript (10.0ms)
  Rendered /usr/local/lib/ruby/gems/2.2.0/gems/web-console-2.2.1/lib/web_console/templates/main.js.erb within layouts/javascript (0.2ms)
  Rendered /usr/local/lib/ruby/gems/2.2.0/gems/web-console-2.2.1/lib/web_console/templates/error_page.js.erb within layouts/javascript (0.2ms)
  Rendered /usr/local/lib/ruby/gems/2.2.0/gems/web-console-2.2.1/lib/web_console/templates/index.html.erb (19.9ms)


Started GET "/offers" for 127.0.0.1 at 2016-01-04 13:19:57 +0100
Processing by OffersController#index as HTML
  Rendered offers/_search.html.erb (0.3ms)
  [1m[36mOffer Load (0.3ms)[0m  [1mSELECT "offers".* FROM "offers"[0m
  [1m[35mActsAsTaggableOn::Tag Load (0.2ms)[0m  SELECT "tags".* FROM "tags" INNER JOIN "taggings" ON "tags"."id" = "taggings"."tag_id" WHERE "taggings"."taggable_id" = ? AND "taggings"."taggable_type" = ? AND (taggings.context = 'tags' AND taggings.tagger_id IS NULL)  [["taggable_id", 117], ["taggable_type", "Offer"]]
  [1m[36mActsAsTaggableOn::Tag Load (0.2ms)[0m  [1mSELECT "tags".* FROM "tags" INNER JOIN "taggings" ON "tags"."id" = "taggings"."tag_id" WHERE "taggings"."taggable_id" = ? AND "taggings"."taggable_type" = ? AND (taggings.context = 'locations' AND taggings.tagger_id IS NULL)[0m  [["taggable_id", 117], ["taggable_type", "Offer"]]
  Rendered offers/_index_filler.html.erb (146.8ms)
  [1m[35mActsAsTaggableOn::Tag Load (0.1ms)[0m  SELECT "tags".* FROM "tags" INNER JOIN "taggings" ON "tags"."id" = "taggings"."tag_id" WHERE "taggings"."taggable_id" = ? AND "taggings"."taggable_type" = ? AND (taggings.context = 'tags' AND taggings.tagger_id IS NULL)  [["taggable_id", 126], ["taggable_type", "Offer"]]
  [1m[36mActsAsTaggableOn::Tag Load (0.0ms)[0m  [1mSELECT "tags".* FROM "tags" INNER JOIN "taggings" ON "tags"."id" = "taggings"."tag_id" WHERE "taggings"."taggable_id" = ? AND "taggings"."taggable_type" = ? AND (taggings.context = 'locations' AND taggings.tagger_id IS NULL)[0m  [["taggable_id", 126], ["taggable_type", "Offer"]]
  Rendered offers/_index_filler.html.erb (1.8ms)
  [1m[35mActsAsTaggableOn::Tag Load (0.0ms)[0m  SELECT "tags".* FROM "tags" INNER JOIN "taggings" ON "tags"."id" = "taggings"."tag_id" WHERE "taggings"."taggable_id" = ? AND "taggings"."taggable_type" = ? AND (taggings.context = 'tags' AND taggings.tagger_id IS NULL)  [["taggable_id", 125], ["taggable_type", "Offer"]]
  [1m[36mActsAsTaggableOn::Tag Load (0.1ms)[0m  [1mSELECT "tags".* FROM "tags" INNER JOIN "taggings" ON "tags"."id" = "taggings"."tag_id" WHERE "taggings"."taggable_id" = ? AND "taggings"."taggable_type" = ? AND (taggings.context = 'locations' AND taggings.tagger_id IS NULL)[0m  [["taggable_id", 125], ["taggable_type", "Offer"]]
  Rendered offers/_index_filler.html.erb (1.9ms)
  [1m[35mActsAsTaggableOn::Tag Load (0.2ms)[0m  SELECT "tags".* FROM "tags" INNER JOIN "taggings" ON "tags"."id" = "taggings"."tag_id" WHERE "taggings"."taggable_id" = ? AND "taggings"."taggable_type" = ? AND (taggings.context = 'tags' AND taggings.tagger_id IS NULL)  [["taggable_id", 124], ["taggable_type", "Offer"]]
  [1m[36mActsAsTaggableOn::Tag Load (0.2ms)[0m  [1mSELECT "tags".* FROM "tags" INNER JOIN "taggings" ON "tags"."id" = "taggings"."tag_id" WHERE "taggings"."taggable_id" = ? AND "taggings"."taggable_type" = ? AND (taggings.context = 'locations' AND taggings.tagger_id IS NULL)[0m  [["taggable_id", 124], ["taggable_type", "Offer"]]
  Rendered offers/_index_filler.html.erb (4.1ms)
  [1m[35mActsAsTaggableOn::Tag Load (0.1ms)[0m  SELECT "tags".* FROM "tags" INNER JOIN "taggings" ON "tags"."id" = "taggings"."tag_id" WHERE "taggings"."taggable_id" = ? AND "taggings"."taggable_type" = ? AND (taggings.context = 'tags' AND taggings.tagger_id IS NULL)  [["taggable_id", 122], ["taggable_type", "Offer"]]
  [1m[36mActsAsTaggableOn::Tag Load (0.0ms)[0m  [1mSELECT "tags".* FROM "tags" INNER JOIN "taggings" ON "tags"."id" = "taggings"."tag_id" WHERE "taggings"."taggable_id" = ? AND "taggings"."taggable_type" = ? AND (taggings.context = 'locations' AND taggings.tagger_id IS NULL)[0m  [["taggable_id", 122], ["taggable_type", "Offer"]]
  Rendered offers/_index_filler.html.erb (1.8ms)
  [1m[35mActsAsTaggableOn::Tag Load (0.1ms)[0m  SELECT "tags".* FROM "tags" INNER JOIN "taggings" ON "tags"."id" = "taggings"."tag_id" WHERE "taggings"."taggable_id" = ? AND "taggings"."taggable_type" = ? AND (taggings.context = 'tags' AND taggings.tagger_id IS NULL)  [["taggable_id", 119], ["taggable_type", "Offer"]]
  [1m[36mActsAsTaggableOn::Tag Load (0.1ms)[0m  [1mSELECT "tags".* FROM "tags" INNER JOIN "taggings" ON "tags"."id" = "taggings"."tag_id" WHERE "taggings"."taggable_id" = ? AND "taggings"."taggable_type" = ? AND (taggings.context = 'locations' AND taggings.tagger_id IS NULL)[0m  [["taggable_id", 119], ["taggable_type", "Offer"]]
  Rendered offers/_index_filler.html.erb (1.8ms)
  [1m[35mActsAsTaggableOn::Tag Load (0.0ms)[0m  SELECT "tags".* FROM "tags" INNER JOIN "taggings" ON "tags"."id" = "taggings"."tag_id" WHERE "taggings"."taggable_id" = ? AND "taggings"."taggable_type" = ? AND (taggings.context = 'tags' AND taggings.tagger_id IS NULL)  [["taggable_id", 120], ["taggable_type", "Offer"]]
  [1m[36mActsAsTaggableOn::Tag Load (0.0ms)[0m  [1mSELECT "tags".* FROM "tags" INNER JOIN "taggings" ON "tags"."id" = "taggings"."tag_id" WHERE "taggings"."taggable_id" = ? AND "taggings"."taggable_type" = ? AND (taggings.context = 'locations' AND taggings.tagger_id IS NULL)[0m  [["taggable_id", 120], ["taggable_type", "Offer"]]
  Rendered offers/_index_filler.html.erb (1.6ms)
  [1m[35mActsAsTaggableOn::Tag Load (0.0ms)[0m  SELECT "tags".* FROM "tags" INNER JOIN "taggings" ON "tags"."id" = "taggings"."tag_id" WHERE "taggings"."taggable_id" = ? AND "taggings"."taggable_type" = ? AND (taggings.context = 'tags' AND taggings.tagger_id IS NULL)  [["taggable_id", 116], ["taggable_type", "Offer"]]
  [1m[36mActsAsTaggableOn::Tag Load (0.0ms)[0m  [1mSELECT "tags".* FROM "tags" INNER JOIN "taggings" ON "tags"."id" = "taggings"."tag_id" WHERE "taggings"."taggable_id" = ? AND "taggings"."taggable_type" = ? AND (taggings.context = 'locations' AND taggings.tagger_id IS NULL)[0m  [["taggable_id", 116], ["taggable_type", "Offer"]]
  Rendered offers/_index_filler.html.erb (1.9ms)
  [1m[35mActsAsTaggableOn::Tag Load (0.1ms)[0m  SELECT "tags".* FROM "tags" INNER JOIN "taggings" ON "tags"."id" = "taggings"."tag_id" WHERE "taggings"."taggable_id" = ? AND "taggings"."taggable_type" = ? AND (taggings.context = 'tags' AND taggings.tagger_id IS NULL)  [["taggable_id", 110], ["taggable_type", "Offer"]]
  [1m[36mActsAsTaggableOn::Tag Load (0.1ms)[0m  [1mSELECT "tags".* FROM "tags" INNER JOIN "taggings" ON "tags"."id" = "taggings"."tag_id" WHERE "taggings"."taggable_id" = ? AND "taggings"."taggable_type" = ? AND (taggings.context = 'locations' AND taggings.tagger_id IS NULL)[0m  [["taggable_id", 110], ["taggable_type", "Offer"]]
  Rendered offers/_index_filler.html.erb (2.0ms)
  [1m[35mActsAsTaggableOn::Tag Load (0.0ms)[0m  SELECT "tags".* FROM "tags" INNER JOIN "taggings" ON "tags"."id" = "taggings"."tag_id" WHERE "taggings"."taggable_id" = ? AND "taggings"."taggable_type" = ? AND (taggings.context = 'tags' AND taggings.tagger_id IS NULL)  [["taggable_id", 94], ["taggable_type", "Offer"]]
  [1m[36mActsAsTaggableOn::Tag Load (0.0ms)[0m  [1mSELECT "tags".* FROM "tags" INNER JOIN "taggings" ON "tags"."id" = "taggings"."tag_id" WHERE "taggings"."taggable_id" = ? AND "taggings"."taggable_type" = ? AND (taggings.context = 'locations' AND taggings.tagger_id IS NULL)[0m  [["taggable_id", 94], ["taggable_type", "Offer"]]
  Rendered offers/_index_filler.html.erb (1.9ms)
  [1m[35mActsAsTaggableOn::Tag Load (0.0ms)[0m  SELECT "tags".* FROM "tags" INNER JOIN "taggings" ON "tags"."id" = "taggings"."tag_id" WHERE "taggings"."taggable_id" = ? AND "taggings"."taggable_type" = ? AND (taggings.context = 'tags' AND taggings.tagger_id IS NULL)  [["taggable_id", 100], ["taggable_type", "Offer"]]
  [1m[36mActsAsTaggableOn::Tag Load (0.1ms)[0m  [1mSELECT "tags".* FROM "tags" INNER JOIN "taggings" ON "tags"."id" = "taggings"."tag_id" WHERE "taggings"."taggable_id" = ? AND "taggings"."taggable_type" = ? AND (taggings.context = 'locations' AND taggings.tagger_id IS NULL)[0m  [["taggable_id", 100], ["taggable_type", "Offer"]]
  Rendered offers/_index_filler.html.erb (1.9ms)
  [1m[35mActsAsTaggableOn::Tag Load (0.6ms)[0m  SELECT "tags".* FROM "tags" INNER JOIN "taggings" ON "tags"."id" = "taggings"."tag_id" WHERE "taggings"."taggable_id" = ? AND "taggings"."taggable_type" = ? AND (taggings.context = 'tags' AND taggings.tagger_id IS NULL)  [["taggable_id", 47], ["taggable_type", "Offer"]]
  [1m[36mActsAsTaggableOn::Tag Load (0.0ms)[0m  [1mSELECT "tags".* FROM "tags" INNER JOIN "taggings" ON "tags"."id" = "taggings"."tag_id" WHERE "taggings"."taggable_id" = ? AND "taggings"."taggable_type" = ? AND (taggings.context = 'locations' AND taggings.tagger_id IS NULL)[0m  [["taggable_id", 47], ["taggable_type", "Offer"]]
  Rendered offers/_index_filler.html.erb (2.8ms)
  [1m[35mActsAsTaggableOn::Tag Load (0.0ms)[0m  SELECT "tags".* FROM "tags" INNER JOIN "taggings" ON "tags"."id" = "taggings"."tag_id" WHERE "taggings"."taggable_id" = ? AND "taggings"."taggable_type" = ? AND (taggings.context = 'tags' AND taggings.tagger_id IS NULL)  [["taggable_id", 93], ["taggable_type", "Offer"]]
  [1m[36mActsAsTaggableOn::Tag Load (0.0ms)[0m  [1mSELECT "tags".* FROM "tags" INNER JOIN "taggings" ON "tags"."id" = "taggings"."tag_id" WHERE "taggings"."taggable_id" = ? AND "taggings"."taggable_type" = ? AND (taggings.context = 'locations' AND taggings.tagger_id IS NULL)[0m  [["taggable_id", 93], ["taggable_type", "Offer"]]
  Rendered offers/_index_filler.html.erb (2.8ms)
  [1m[35mActsAsTaggableOn::Tag Load (0.0ms)[0m  SELECT "tags".* FROM "tags" INNER JOIN "taggings" ON "tags"."id" = "taggings"."tag_id" WHERE "taggings"."taggable_id" = ? AND "taggings"."taggable_type" = ? AND (taggings.context = 'tags' AND taggings.tagger_id IS NULL)  [["taggable_id", 85], ["taggable_type", "Offer"]]
  [1m[36mActsAsTaggableOn::Tag Load (0.0ms)[0m  [1mSELECT "tags".* FROM "tags" INNER JOIN "taggings" ON "tags"."id" = "taggings"."tag_id" WHERE "taggings"."taggable_id" = ? AND "taggings"."taggable_type" = ? AND (taggings.context = 'locations' AND taggings.tagger_id IS NULL)[0m  [["taggable_id", 85], ["taggable_type", "Offer"]]
  Rendered offers/_index_filler.html.erb (2.5ms)
  [1m[35mActsAsTaggableOn::Tag Load (0.0ms)[0m  SELECT "tags".* FROM "tags" INNER JOIN "taggings" ON "tags"."id" = "taggings"."tag_id" WHERE "taggings"."taggable_id" = ? AND "taggings"."taggable_type" = ? AND (taggings.context = 'tags' AND taggings.tagger_id IS NULL)  [["taggable_id", 76], ["taggable_type", "Offer"]]
  [1m[36mActsAsTaggableOn::Tag Load (0.0ms)[0m  [1mSELECT "tags".* FROM "tags" INNER JOIN "taggings" ON "tags"."id" = "taggings"."tag_id" WHERE "taggings"."taggable_id" = ? AND "taggings"."taggable_type" = ? AND (taggings.context = 'locations' AND taggings.tagger_id IS NULL)[0m  [["taggable_id", 76], ["taggable_type", "Offer"]]
  Rendered offers/_index_filler.html.erb (2.9ms)
  [1m[35mActsAsTaggableOn::Tag Load (0.3ms)[0m  SELECT "tags".* FROM "tags" INNER JOIN "taggings" ON "tags"."id" = "taggings"."tag_id" WHERE "taggings"."taggable_id" = ? AND "taggings"."taggable_type" = ? AND (taggings.context = 'tags' AND taggings.tagger_id IS NULL)  [["taggable_id", 74], ["taggable_type", "Offer"]]
  [1m[36mActsAsTaggableOn::Tag Load (0.0ms)[0m  [1mSELECT "tags".* FROM "tags" INNER JOIN "taggings" ON "tags"."id" = "taggings"."tag_id" WHERE "taggings"."taggable_id" = ? AND "taggings"."taggable_type" = ? AND (taggings.context = 'locations' AND taggings.tagger_id IS NULL)[0m  [["taggable_id", 74], ["taggable_type", "Offer"]]
  Rendered offers/_index_filler.html.erb (2.1ms)
  [1m[35mActsAsTaggableOn::Tag Load (0.1ms)[0m  SELECT "tags".* FROM "tags" INNER JOIN "taggings" ON "tags"."id" = "taggings"."tag_id" WHERE "taggings"."taggable_id" = ? AND "taggings"."taggable_type" = ? AND (taggings.context = 'tags' AND taggings.tagger_id IS NULL)  [["taggable_id", 72], ["taggable_type", "Offer"]]
  [1m[36mActsAsTaggableOn::Tag Load (0.0ms)[0m  [1mSELECT "tags".* FROM "tags" INNER JOIN "taggings" ON "tags"."id" = "taggings"."tag_id" WHERE "taggings"."taggable_id" = ? AND "taggings"."taggable_type" = ? AND (taggings.context = 'locations' AND taggings.tagger_id IS NULL)[0m  [["taggable_id", 72], ["taggable_type", "Offer"]]
  Rendered offers/_index_filler.html.erb (2.6ms)
  [1m[35mActsAsTaggableOn::Tag Load (0.0ms)[0m  SELECT "tags".* FROM "tags" INNER JOIN "taggings" ON "tags"."id" = "taggings"."tag_id" WHERE "taggings"."taggable_id" = ? AND "taggings"."taggable_type" = ? AND (taggings.context = 'tags' AND taggings.tagger_id IS NULL)  [["taggable_id", 51], ["taggable_type", "Offer"]]
  [1m[36mActsAsTaggableOn::Tag Load (0.0ms)[0m  [1mSELECT "tags".* FROM "tags" INNER JOIN "taggings" ON "tags"."id" = "taggings"."tag_id" WHERE "taggings"."taggable_id" = ? AND "taggings"."taggable_type" = ? AND (taggings.context = 'locations' AND taggings.tagger_id IS NULL)[0m  [["taggable_id", 51], ["taggable_type", "Offer"]]
  Rendered offers/_index_filler.html.erb (2.8ms)
  [1m[35mActsAsTaggableOn::Tag Load (0.0ms)[0m  SELECT "tags".* FROM "tags" INNER JOIN "taggings" ON "tags"."id" = "taggings"."tag_id" WHERE "taggings"."taggable_id" = ? AND "taggings"."taggable_type" = ? AND (taggings.context = 'tags' AND taggings.tagger_id IS NULL)  [["taggable_id", 18], ["taggable_type", "Offer"]]
  [1m[36mActsAsTaggableOn::Tag Load (0.0ms)[0m  [1mSELECT "tags".* FROM "tags" INNER JOIN "taggings" ON "tags"."id" = "taggings"."tag_id" WHERE "taggings"."taggable_id" = ? AND "taggings"."taggable_type" = ? AND (taggings.context = 'locations' AND taggings.tagger_id IS NULL)[0m  [["taggable_id", 18], ["taggable_type", "Offer"]]
  Rendered offers/_index_filler.html.erb (2.5ms)
  [1m[35mActsAsTaggableOn::Tag Load (0.0ms)[0m  SELECT "tags".* FROM "tags" INNER JOIN "taggings" ON "tags"."id" = "taggings"."tag_id" WHERE "taggings"."taggable_id" = ? AND "taggings"."taggable_type" = ? AND (taggings.context = 'tags' AND taggings.tagger_id IS NULL)  [["taggable_id", 49], ["taggable_type", "Offer"]]
  [1m[36mActsAsTaggableOn::Tag Load (0.0ms)[0m  [1mSELECT "tags".* FROM "tags" INNER JOIN "taggings" ON "tags"."id" = "taggings"."tag_id" WHERE "taggings"."taggable_id" = ? AND "taggings"."taggable_type" = ? AND (taggings.context = 'locations' AND taggings.tagger_id IS NULL)[0m  [["taggable_id", 49], ["taggable_type", "Offer"]]
  Rendered offers/_index_filler.html.erb (2.6ms)
  Rendered offers/index.html.erb within layouts/application (222.5ms)
Completed 200 OK in 2352ms (Views: 2347.3ms | ActiveRecord: 3.9ms)


Started GET "/assets/application.self-68b7e61436d18433226b77c90986f33bd9d5da6c3ff88a90dce067a95f673c8d.css?body=1" for 127.0.0.1 at 2016-01-04 13:20:00 +0100


Started GET "/assets/desktop.self-6cfb4692b298bae799c54934b4745c4edfe7ec61995d5c622e468b4a6af9288a.css?body=1" for 127.0.0.1 at 2016-01-04 13:20:00 +0100


Started GET "/assets/script.self-c7ed36fb7e27fcfc46eb175eedbe1a617d4001ba948ecb49b3d96fb490f706b7.js?body=1" for 127.0.0.1 at 2016-01-04 13:20:00 +0100


Started GET "/assets/offers.self-877aef30ae1b040ab8a3aba4e3e309a11d7f2612f44dde450b5c157aa5f95c05.js?body=1" for 127.0.0.1 at 2016-01-04 13:20:00 +0100


Started GET "/assets/application.self-aa5dec890a1af9d5ddc1a235e622444b5c737ac339c575d5c17bbe4db1271013.js?body=1" for 127.0.0.1 at 2016-01-04 13:20:00 +0100


Started GET "/" for 127.0.0.1 at 2016-01-04 13:20:02 +0100
Processing by StaticPagesController#home as HTML
  Rendered offers/_search.html.erb (0.2ms)
  [1m[35mOffer Load (0.5ms)[0m  SELECT "offers".* FROM "offers"
  [1m[36mActsAsTaggableOn::Tag Load (0.1ms)[0m  [1mSELECT "tags".* FROM "tags" INNER JOIN "taggings" ON "tags"."id" = "taggings"."tag_id" WHERE "taggings"."taggable_id" = ? AND "taggings"."taggable_type" = ? AND (taggings.context = 'tags' AND taggings.tagger_id IS NULL)[0m  [["taggable_id", 117], ["taggable_type", "Offer"]]
  [1m[35mActsAsTaggableOn::Tag Load (0.1ms)[0m  SELECT "tags".* FROM "tags" INNER JOIN "taggings" ON "tags"."id" = "taggings"."tag_id" WHERE "taggings"."taggable_id" = ? AND "taggings"."taggable_type" = ? AND (taggings.context = 'locations' AND taggings.tagger_id IS NULL)  [["taggable_id", 117], ["taggable_type", "Offer"]]
  Rendered offers/_index_filler.html.erb (3.5ms)
  [1m[36mActsAsTaggableOn::Tag Load (0.1ms)[0m  [1mSELECT "tags".* FROM "tags" INNER JOIN "taggings" ON "tags"."id" = "taggings"."tag_id" WHERE "taggings"."taggable_id" = ? AND "taggings"."taggable_type" = ? AND (taggings.context = 'tags' AND taggings.tagger_id IS NULL)[0m  [["taggable_id", 126], ["taggable_type", "Offer"]]
  [1m[35mActsAsTaggableOn::Tag Load (0.1ms)[0m  SELECT "tags".* FROM "tags" INNER JOIN "taggings" ON "tags"."id" = "taggings"."tag_id" WHERE "taggings"."taggable_id" = ? AND "taggings"."taggable_type" = ? AND (taggings.context = 'locations' AND taggings.tagger_id IS NULL)  [["taggable_id", 126], ["taggable_type", "Offer"]]
  Rendered offers/_index_filler.html.erb (3.5ms)
  [1m[36mActsAsTaggableOn::Tag Load (0.1ms)[0m  [1mSELECT "tags".* FROM "tags" INNER JOIN "taggings" ON "tags"."id" = "taggings"."tag_id" WHERE "taggings"."taggable_id" = ? AND "taggings"."taggable_type" = ? AND (taggings.context = 'tags' AND taggings.tagger_id IS NULL)[0m  [["taggable_id", 125], ["taggable_type", "Offer"]]
  [1m[35mActsAsTaggableOn::Tag Load (0.0ms)[0m  SELECT "tags".* FROM "tags" INNER JOIN "taggings" ON "tags"."id" = "taggings"."tag_id" WHERE "taggings"."taggable_id" = ? AND "taggings"."taggable_type" = ? AND (taggings.context = 'locations' AND taggings.tagger_id IS NULL)  [["taggable_id", 125], ["taggable_type", "Offer"]]
  Rendered offers/_index_filler.html.erb (3.1ms)
  [1m[36mActsAsTaggableOn::Tag Load (0.1ms)[0m  [1mSELECT "tags".* FROM "tags" INNER JOIN "taggings" ON "tags"."id" = "taggings"."tag_id" WHERE "taggings"."taggable_id" = ? AND "taggings"."taggable_type" = ? AND (taggings.context = 'tags' AND taggings.tagger_id IS NULL)[0m  [["taggable_id", 124], ["taggable_type", "Offer"]]
  [1m[35mActsAsTaggableOn::Tag Load (0.1ms)[0m  SELECT "tags".* FROM "tags" INNER JOIN "taggings" ON "tags"."id" = "taggings"."tag_id" WHERE "taggings"."taggable_id" = ? AND "taggings"."taggable_type" = ? AND (taggings.context = 'locations' AND taggings.tagger_id IS NULL)  [["taggable_id", 124], ["taggable_type", "Offer"]]
  Rendered offers/_index_filler.html.erb (6.3ms)
  [1m[36mActsAsTaggableOn::Tag Load (0.1ms)[0m  [1mSELECT "tags".* FROM "tags" INNER JOIN "taggings" ON "tags"."id" = "taggings"."tag_id" WHERE "taggings"."taggable_id" = ? AND "taggings"."taggable_type" = ? AND (taggings.context = 'tags' AND taggings.tagger_id IS NULL)[0m  [["taggable_id", 122], ["taggable_type", "Offer"]]
  [1m[35mActsAsTaggableOn::Tag Load (0.1ms)[0m  SELECT "tags".* FROM "tags" INNER JOIN "taggings" ON "tags"."id" = "taggings"."tag_id" WHERE "taggings"."taggable_id" = ? AND "taggings"."taggable_type" = ? AND (taggings.context = 'locations' AND taggings.tagger_id IS NULL)  [["taggable_id", 122], ["taggable_type", "Offer"]]
  Rendered offers/_index_filler.html.erb (3.1ms)
  [1m[36mActsAsTaggableOn::Tag Load (0.1ms)[0m  [1mSELECT "tags".* FROM "tags" INNER JOIN "taggings" ON "tags"."id" = "taggings"."tag_id" WHERE "taggings"."taggable_id" = ? AND "taggings"."taggable_type" = ? AND (taggings.context = 'tags' AND taggings.tagger_id IS NULL)[0m  [["taggable_id", 119], ["taggable_type", "Offer"]]
  [1m[35mActsAsTaggableOn::Tag Load (0.1ms)[0m  SELECT "tags".* FROM "tags" INNER JOIN "taggings" ON "tags"."id" = "taggings"."tag_id" WHERE "taggings"."taggable_id" = ? AND "taggings"."taggable_type" = ? AND (taggings.context = 'locations' AND taggings.tagger_id IS NULL)  [["taggable_id", 119], ["taggable_type", "Offer"]]
  Rendered offers/_index_filler.html.erb (3.2ms)
  [1m[36mActsAsTaggableOn::Tag Load (0.0ms)[0m  [1mSELECT "tags".* FROM "tags" INNER JOIN "taggings" ON "tags"."id" = "taggings"."tag_id" WHERE "taggings"."taggable_id" = ? AND "taggings"."taggable_type" = ? AND (taggings.context = 'tags' AND taggings.tagger_id IS NULL)[0m  [["taggable_id", 120], ["taggable_type", "Offer"]]
  [1m[35mActsAsTaggableOn::Tag Load (0.0ms)[0m  SELECT "tags".* FROM "tags" INNER JOIN "taggings" ON "tags"."id" = "taggings"."tag_id" WHERE "taggings"."taggable_id" = ? AND "taggings"."taggable_type" = ? AND (taggings.context = 'locations' AND taggings.tagger_id IS NULL)  [["taggable_id", 120], ["taggable_type", "Offer"]]
  Rendered offers/_index_filler.html.erb (3.1ms)
  [1m[36mActsAsTaggableOn::Tag Load (0.1ms)[0m  [1mSELECT "tags".* FROM "tags" INNER JOIN "taggings" ON "tags"."id" = "taggings"."tag_id" WHERE "taggings"."taggable_id" = ? AND "taggings"."taggable_type" = ? AND (taggings.context = 'tags' AND taggings.tagger_id IS NULL)[0m  [["taggable_id", 116], ["taggable_type", "Offer"]]
  [1m[35mActsAsTaggableOn::Tag Load (0.0ms)[0m  SELECT "tags".* FROM "tags" INNER JOIN "taggings" ON "tags"."id" = "taggings"."tag_id" WHERE "taggings"."taggable_id" = ? AND "taggings"."taggable_type" = ? AND (taggings.context = 'locations' AND taggings.tagger_id IS NULL)  [["taggable_id", 116], ["taggable_type", "Offer"]]
  Rendered offers/_index_filler.html.erb (2.5ms)
  [1m[36mActsAsTaggableOn::Tag Load (0.1ms)[0m  [1mSELECT "tags".* FROM "tags" INNER JOIN "taggings" ON "tags"."id" = "taggings"."tag_id" WHERE "taggings"."taggable_id" = ? AND "taggings"."taggable_type" = ? AND (taggings.context = 'tags' AND taggings.tagger_id IS NULL)[0m  [["taggable_id", 110], ["taggable_type", "Offer"]]
  [1m[35mActsAsTaggableOn::Tag Load (0.1ms)[0m  SELECT "tags".* FROM "tags" INNER JOIN "taggings" ON "tags"."id" = "taggings"."tag_id" WHERE "taggings"."taggable_id" = ? AND "taggings"."taggable_type" = ? AND (taggings.context = 'locations' AND taggings.tagger_id IS NULL)  [["taggable_id", 110], ["taggable_type", "Offer"]]
  Rendered offers/_index_filler.html.erb (2.4ms)
  [1m[36mActsAsTaggableOn::Tag Load (0.1ms)[0m  [1mSELECT "tags".* FROM "tags" INNER JOIN "taggings" ON "tags"."id" = "taggings"."tag_id" WHERE "taggings"."taggable_id" = ? AND "taggings"."taggable_type" = ? AND (taggings.context = 'tags' AND taggings.tagger_id IS NULL)[0m  [["taggable_id", 94], ["taggable_type", "Offer"]]
  [1m[35mActsAsTaggableOn::Tag Load (0.0ms)[0m  SELECT "tags".* FROM "tags" INNER JOIN "taggings" ON "tags"."id" = "taggings"."tag_id" WHERE "taggings"."taggable_id" = ? AND "taggings"."taggable_type" = ? AND (taggings.context = 'locations' AND taggings.tagger_id IS NULL)  [["taggable_id", 94], ["taggable_type", "Offer"]]
  Rendered offers/_index_filler.html.erb (2.4ms)
  Rendered static_pages/home.html.erb within layouts/application (41.8ms)
Completed 200 OK in 92ms (Views: 90.2ms | ActiveRecord: 1.8ms)


Started GET "/" for 127.0.0.1 at 2016-01-04 13:20:03 +0100
Processing by StaticPagesController#home as HTML
  Rendered offers/_search.html.erb (0.2ms)
  [1m[36mOffer Load (0.3ms)[0m  [1mSELECT "offers".* FROM "offers"[0m
  [1m[35mActsAsTaggableOn::Tag Load (0.1ms)[0m  SELECT "tags".* FROM "tags" INNER JOIN "taggings" ON "tags"."id" = "taggings"."tag_id" WHERE "taggings"."taggable_id" = ? AND "taggings"."taggable_type" = ? AND (taggings.context = 'tags' AND taggings.tagger_id IS NULL)  [["taggable_id", 117], ["taggable_type", "Offer"]]
  [1m[36mActsAsTaggableOn::Tag Load (0.1ms)[0m  [1mSELECT "tags".* FROM "tags" INNER JOIN "taggings" ON "tags"."id" = "taggings"."tag_id" WHERE "taggings"."taggable_id" = ? AND "taggings"."taggable_type" = ? AND (taggings.context = 'locations' AND taggings.tagger_id IS NULL)[0m  [["taggable_id", 117], ["taggable_type", "Offer"]]
  Rendered offers/_index_filler.html.erb (2.8ms)
  [1m[35mActsAsTaggableOn::Tag Load (0.1ms)[0m  SELECT "tags".* FROM "tags" INNER JOIN "taggings" ON "tags"."id" = "taggings"."tag_id" WHERE "taggings"."taggable_id" = ? AND "taggings"."taggable_type" = ? AND (taggings.context = 'tags' AND taggings.tagger_id IS NULL)  [["taggable_id", 126], ["taggable_type", "Offer"]]
  [1m[36mActsAsTaggableOn::Tag Load (0.1ms)[0m  [1mSELECT "tags".* FROM "tags" INNER JOIN "taggings" ON "tags"."id" = "taggings"."tag_id" WHERE "taggings"."taggable_id" = ? AND "taggings"."taggable_type" = ? AND (taggings.context = 'locations' AND taggings.tagger_id IS NULL)[0m  [["taggable_id", 126], ["taggable_type", "Offer"]]
  Rendered offers/_index_filler.html.erb (2.2ms)
  [1m[35mActsAsTaggableOn::Tag Load (0.1ms)[0m  SELECT "tags".* FROM "tags" INNER JOIN "taggings" ON "tags"."id" = "taggings"."tag_id" WHERE "taggings"."taggable_id" = ? AND "taggings"."taggable_type" = ? AND (taggings.context = 'tags' AND taggings.tagger_id IS NULL)  [["taggable_id", 125], ["taggable_type", "Offer"]]
  [1m[36mActsAsTaggableOn::Tag Load (0.1ms)[0m  [1mSELECT "tags".* FROM "tags" INNER JOIN "taggings" ON "tags"."id" = "taggings"."tag_id" WHERE "taggings"."taggable_id" = ? AND "taggings"."taggable_type" = ? AND (taggings.context = 'locations' AND taggings.tagger_id IS NULL)[0m  [["taggable_id", 125], ["taggable_type", "Offer"]]
  Rendered offers/_index_filler.html.erb (2.3ms)
  [1m[35mActsAsTaggableOn::Tag Load (0.2ms)[0m  SELECT "tags".* FROM "tags" INNER JOIN "taggings" ON "tags"."id" = "taggings"."tag_id" WHERE "taggings"."taggable_id" = ? AND "taggings"."taggable_type" = ? AND (taggings.context = 'tags' AND taggings.tagger_id IS NULL)  [["taggable_id", 124], ["taggable_type", "Offer"]]
  [1m[36mActsAsTaggableOn::Tag Load (0.2ms)[0m  [1mSELECT "tags".* FROM "tags" INNER JOIN "taggings" ON "tags"."id" = "taggings"."tag_id" WHERE "taggings"."taggable_id" = ? AND "taggings"."taggable_type" = ? AND (taggings.context = 'locations' AND taggings.tagger_id IS NULL)[0m  [["taggable_id", 124], ["taggable_type", "Offer"]]
  Rendered offers/_index_filler.html.erb (5.0ms)
  [1m[35mActsAsTaggableOn::Tag Load (0.1ms)[0m  SELECT "tags".* FROM "tags" INNER JOIN "taggings" ON "tags"."id" = "taggings"."tag_id" WHERE "taggings"."taggable_id" = ? AND "taggings"."taggable_type" = ? AND (taggings.context = 'tags' AND taggings.tagger_id IS NULL)  [["taggable_id", 122], ["taggable_type", "Offer"]]
  [1m[36mActsAsTaggableOn::Tag Load (0.1ms)[0m  [1mSELECT "tags".* FROM "tags" INNER JOIN "taggings" ON "tags"."id" = "taggings"."tag_id" WHERE "taggings"."taggable_id" = ? AND "taggings"."taggable_type" = ? AND (taggings.context = 'locations' AND taggings.tagger_id IS NULL)[0m  [["taggable_id", 122], ["taggable_type", "Offer"]]
  Rendered offers/_index_filler.html.erb (2.1ms)
  [1m[35mActsAsTaggableOn::Tag Load (0.1ms)[0m  SELECT "tags".* FROM "tags" INNER JOIN "taggings" ON "tags"."id" = "taggings"."tag_id" WHERE "taggings"."taggable_id" = ? AND "taggings"."taggable_type" = ? AND (taggings.context = 'tags' AND taggings.tagger_id IS NULL)  [["taggable_id", 119], ["taggable_type", "Offer"]]
  [1m[36mActsAsTaggableOn::Tag Load (0.1ms)[0m  [1mSELECT "tags".* FROM "tags" INNER JOIN "taggings" ON "tags"."id" = "taggings"."tag_id" WHERE "taggings"."taggable_id" = ? AND "taggings"."taggable_type" = ? AND (taggings.context = 'locations' AND taggings.tagger_id IS NULL)[0m  [["taggable_id", 119], ["taggable_type", "Offer"]]
  Rendered offers/_index_filler.html.erb (2.2ms)
  [1m[35mActsAsTaggableOn::Tag Load (0.1ms)[0m  SELECT "tags".* FROM "tags" INNER JOIN "taggings" ON "tags"."id" = "taggings"."tag_id" WHERE "taggings"."taggable_id" = ? AND "taggings"."taggable_type" = ? AND (taggings.context = 'tags' AND taggings.tagger_id IS NULL)  [["taggable_id", 120], ["taggable_type", "Offer"]]
  [1m[36mActsAsTaggableOn::Tag Load (0.1ms)[0m  [1mSELECT "tags".* FROM "tags" INNER JOIN "taggings" ON "tags"."id" = "taggings"."tag_id" WHERE "taggings"."taggable_id" = ? AND "taggings"."taggable_type" = ? AND (taggings.context = 'locations' AND taggings.tagger_id IS NULL)[0m  [["taggable_id", 120], ["taggable_type", "Offer"]]
  Rendered offers/_index_filler.html.erb (2.1ms)
  [1m[35mActsAsTaggableOn::Tag Load (0.1ms)[0m  SELECT "tags".* FROM "tags" INNER JOIN "taggings" ON "tags"."id" = "taggings"."tag_id" WHERE "taggings"."taggable_id" = ? AND "taggings"."taggable_type" = ? AND (taggings.context = 'tags' AND taggings.tagger_id IS NULL)  [["taggable_id", 116], ["taggable_type", "Offer"]]
  [1m[36mActsAsTaggableOn::Tag Load (0.1ms)[0m  [1mSELECT "tags".* FROM "tags" INNER JOIN "taggings" ON "tags"."id" = "taggings"."tag_id" WHERE "taggings"."taggable_id" = ? AND "taggings"."taggable_type" = ? AND (taggings.context = 'locations' AND taggings.tagger_id IS NULL)[0m  [["taggable_id", 116], ["taggable_type", "Offer"]]
  Rendered offers/_index_filler.html.erb (2.3ms)
  [1m[35mActsAsTaggableOn::Tag Load (0.1ms)[0m  SELECT "tags".* FROM "tags" INNER JOIN "taggings" ON "tags"."id" = "taggings"."tag_id" WHERE "taggings"."taggable_id" = ? AND "taggings"."taggable_type" = ? AND (taggings.context = 'tags' AND taggings.tagger_id IS NULL)  [["taggable_id", 110], ["taggable_type", "Offer"]]
  [1m[36mActsAsTaggableOn::Tag Load (0.1ms)[0m  [1mSELECT "tags".* FROM "tags" INNER JOIN "taggings" ON "tags"."id" = "taggings"."tag_id" WHERE "taggings"."taggable_id" = ? AND "taggings"."taggable_type" = ? AND (taggings.context = 'locations' AND taggings.tagger_id IS NULL)[0m  [["taggable_id", 110], ["taggable_type", "Offer"]]
  Rendered offers/_index_filler.html.erb (2.3ms)
  [1m[35mActsAsTaggableOn::Tag Load (0.1ms)[0m  SELECT "tags".* FROM "tags" INNER JOIN "taggings" ON "tags"."id" = "taggings"."tag_id" WHERE "taggings"."taggable_id" = ? AND "taggings"."taggable_type" = ? AND (taggings.context = 'tags' AND taggings.tagger_id IS NULL)  [["taggable_id", 94], ["taggable_type", "Offer"]]
  [1m[36mActsAsTaggableOn::Tag Load (0.1ms)[0m  [1mSELECT "tags".* FROM "tags" INNER JOIN "taggings" ON "tags"."id" = "taggings"."tag_id" WHERE "taggings"."taggable_id" = ? AND "taggings"."taggable_type" = ? AND (taggings.context = 'locations' AND taggings.tagger_id IS NULL)[0m  [["taggable_id", 94], ["taggable_type", "Offer"]]
  Rendered offers/_index_filler.html.erb (2.1ms)
  Rendered static_pages/home.html.erb within layouts/application (33.4ms)
Completed 200 OK in 79ms (Views: 76.6ms | ActiveRecord: 1.9ms)


Started GET "/" for 127.0.0.1 at 2016-01-04 13:20:04 +0100
Processing by StaticPagesController#home as HTML
  Rendered offers/_search.html.erb (0.2ms)
  [1m[35mOffer Load (0.2ms)[0m  SELECT "offers".* FROM "offers"
  [1m[36mActsAsTaggableOn::Tag Load (0.1ms)[0m  [1mSELECT "tags".* FROM "tags" INNER JOIN "taggings" ON "tags"."id" = "taggings"."tag_id" WHERE "taggings"."taggable_id" = ? AND "taggings"."taggable_type" = ? AND (taggings.context = 'tags' AND taggings.tagger_id IS NULL)[0m  [["taggable_id", 117], ["taggable_type", "Offer"]]
  [1m[35mActsAsTaggableOn::Tag Load (0.0ms)[0m  SELECT "tags".* FROM "tags" INNER JOIN "taggings" ON "tags"."id" = "taggings"."tag_id" WHERE "taggings"."taggable_id" = ? AND "taggings"."taggable_type" = ? AND (taggings.context = 'locations' AND taggings.tagger_id IS NULL)  [["taggable_id", 117], ["taggable_type", "Offer"]]
  Rendered offers/_index_filler.html.erb (2.9ms)
  [1m[36mActsAsTaggableOn::Tag Load (0.0ms)[0m  [1mSELECT "tags".* FROM "tags" INNER JOIN "taggings" ON "tags"."id" = "taggings"."tag_id" WHERE "taggings"."taggable_id" = ? AND "taggings"."taggable_type" = ? AND (taggings.context = 'tags' AND taggings.tagger_id IS NULL)[0m  [["taggable_id", 126], ["taggable_type", "Offer"]]
  [1m[35mActsAsTaggableOn::Tag Load (0.0ms)[0m  SELECT "tags".* FROM "tags" INNER JOIN "taggings" ON "tags"."id" = "taggings"."tag_id" WHERE "taggings"."taggable_id" = ? AND "taggings"."taggable_type" = ? AND (taggings.context = 'locations' AND taggings.tagger_id IS NULL)  [["taggable_id", 126], ["taggable_type", "Offer"]]
  Rendered offers/_index_filler.html.erb (1.7ms)
  [1m[36mActsAsTaggableOn::Tag Load (0.0ms)[0m  [1mSELECT "tags".* FROM "tags" INNER JOIN "taggings" ON "tags"."id" = "taggings"."tag_id" WHERE "taggings"."taggable_id" = ? AND "taggings"."taggable_type" = ? AND (taggings.context = 'tags' AND taggings.tagger_id IS NULL)[0m  [["taggable_id", 125], ["taggable_type", "Offer"]]
  [1m[35mActsAsTaggableOn::Tag Load (0.0ms)[0m  SELECT "tags".* FROM "tags" INNER JOIN "taggings" ON "tags"."id" = "taggings"."tag_id" WHERE "taggings"."taggable_id" = ? AND "taggings"."taggable_type" = ? AND (taggings.context = 'locations' AND taggings.tagger_id IS NULL)  [["taggable_id", 125], ["taggable_type", "Offer"]]
  Rendered offers/_index_filler.html.erb (1.9ms)
  [1m[36mActsAsTaggableOn::Tag Load (0.1ms)[0m  [1mSELECT "tags".* FROM "tags" INNER JOIN "taggings" ON "tags"."id" = "taggings"."tag_id" WHERE "taggings"."taggable_id" = ? AND "taggings"."taggable_type" = ? AND (taggings.context = 'tags' AND taggings.tagger_id IS NULL)[0m  [["taggable_id", 124], ["taggable_type", "Offer"]]
  [1m[35mActsAsTaggableOn::Tag Load (0.1ms)[0m  SELECT "tags".* FROM "tags" INNER JOIN "taggings" ON "tags"."id" = "taggings"."tag_id" WHERE "taggings"."taggable_id" = ? AND "taggings"."taggable_type" = ? AND (taggings.context = 'locations' AND taggings.tagger_id IS NULL)  [["taggable_id", 124], ["taggable_type", "Offer"]]
  Rendered offers/_index_filler.html.erb (3.8ms)
  [1m[36mActsAsTaggableOn::Tag Load (0.0ms)[0m  [1mSELECT "tags".* FROM "tags" INNER JOIN "taggings" ON "tags"."id" = "taggings"."tag_id" WHERE "taggings"."taggable_id" = ? AND "taggings"."taggable_type" = ? AND (taggings.context = 'tags' AND taggings.tagger_id IS NULL)[0m  [["taggable_id", 122], ["taggable_type", "Offer"]]
  [1m[35mActsAsTaggableOn::Tag Load (0.0ms)[0m  SELECT "tags".* FROM "tags" INNER JOIN "taggings" ON "tags"."id" = "taggings"."tag_id" WHERE "taggings"."taggable_id" = ? AND "taggings"."taggable_type" = ? AND (taggings.context = 'locations' AND taggings.tagger_id IS NULL)  [["taggable_id", 122], ["taggable_type", "Offer"]]
  Rendered offers/_index_filler.html.erb (1.6ms)
  [1m[36mActsAsTaggableOn::Tag Load (0.0ms)[0m  [1mSELECT "tags".* FROM "tags" INNER JOIN "taggings" ON "tags"."id" = "taggings"."tag_id" WHERE "taggings"."taggable_id" = ? AND "taggings"."taggable_type" = ? AND (taggings.context = 'tags' AND taggings.tagger_id IS NULL)[0m  [["taggable_id", 119], ["taggable_type", "Offer"]]
  [1m[35mActsAsTaggableOn::Tag Load (0.0ms)[0m  SELECT "tags".* FROM "tags" INNER JOIN "taggings" ON "tags"."id" = "taggings"."tag_id" WHERE "taggings"."taggable_id" = ? AND "taggings"."taggable_type" = ? AND (taggings.context = 'locations' AND taggings.tagger_id IS NULL)  [["taggable_id", 119], ["taggable_type", "Offer"]]
  Rendered offers/_index_filler.html.erb (1.7ms)
  [1m[36mActsAsTaggableOn::Tag Load (0.0ms)[0m  [1mSELECT "tags".* FROM "tags" INNER JOIN "taggings" ON "tags"."id" = "taggings"."tag_id" WHERE "taggings"."taggable_id" = ? AND "taggings"."taggable_type" = ? AND (taggings.context = 'tags' AND taggings.tagger_id IS NULL)[0m  [["taggable_id", 120], ["taggable_type", "Offer"]]
  [1m[35mActsAsTaggableOn::Tag Load (0.0ms)[0m  SELECT "tags".* FROM "tags" INNER JOIN "taggings" ON "tags"."id" = "taggings"."tag_id" WHERE "taggings"."taggable_id" = ? AND "taggings"."taggable_type" = ? AND (taggings.context = 'locations' AND taggings.tagger_id IS NULL)  [["taggable_id", 120], ["taggable_type", "Offer"]]
  Rendered offers/_index_filler.html.erb (1.7ms)
  [1m[36mActsAsTaggableOn::Tag Load (0.1ms)[0m  [1mSELECT "tags".* FROM "tags" INNER JOIN "taggings" ON "tags"."id" = "taggings"."tag_id" WHERE "taggings"."taggable_id" = ? AND "taggings"."taggable_type" = ? AND (taggings.context = 'tags' AND taggings.tagger_id IS NULL)[0m  [["taggable_id", 116], ["taggable_type", "Offer"]]
  [1m[35mActsAsTaggableOn::Tag Load (0.0ms)[0m  SELECT "tags".* FROM "tags" INNER JOIN "taggings" ON "tags"."id" = "taggings"."tag_id" WHERE "taggings"."taggable_id" = ? AND "taggings"."taggable_type" = ? AND (taggings.context = 'locations' AND taggings.tagger_id IS NULL)  [["taggable_id", 116], ["taggable_type", "Offer"]]
  Rendered offers/_index_filler.html.erb (2.0ms)
  [1m[36mActsAsTaggableOn::Tag Load (0.0ms)[0m  [1mSELECT "tags".* FROM "tags" INNER JOIN "taggings" ON "tags"."id" = "taggings"."tag_id" WHERE "taggings"."taggable_id" = ? AND "taggings"."taggable_type" = ? AND (taggings.context = 'tags' AND taggings.tagger_id IS NULL)[0m  [["taggable_id", 110], ["taggable_type", "Offer"]]
  [1m[35mActsAsTaggableOn::Tag Load (0.1ms)[0m  SELECT "tags".* FROM "tags" INNER JOIN "taggings" ON "tags"."id" = "taggings"."tag_id" WHERE "taggings"."taggable_id" = ? AND "taggings"."taggable_type" = ? AND (taggings.context = 'locations' AND taggings.tagger_id IS NULL)  [["taggable_id", 110], ["taggable_type", "Offer"]]
  Rendered offers/_index_filler.html.erb (2.1ms)
  [1m[36mActsAsTaggableOn::Tag Load (0.1ms)[0m  [1mSELECT "tags".* FROM "tags" INNER JOIN "taggings" ON "tags"."id" = "taggings"."tag_id" WHERE "taggings"."taggable_id" = ? AND "taggings"."taggable_type" = ? AND (taggings.context = 'tags' AND taggings.tagger_id IS NULL)[0m  [["taggable_id", 94], ["taggable_type", "Offer"]]
  [1m[35mActsAsTaggableOn::Tag Load (0.0ms)[0m  SELECT "tags".* FROM "tags" INNER JOIN "taggings" ON "tags"."id" = "taggings"."tag_id" WHERE "taggings"."taggable_id" = ? AND "taggings"."taggable_type" = ? AND (taggings.context = 'locations' AND taggings.tagger_id IS NULL)  [["taggable_id", 94], ["taggable_type", "Offer"]]
  Rendered offers/_index_filler.html.erb (2.1ms)
  Rendered static_pages/home.html.erb within layouts/application (27.8ms)
Completed 200 OK in 70ms (Views: 67.9ms | ActiveRecord: 1.4ms)


Started GET "/" for 127.0.0.1 at 2016-01-04 13:20:05 +0100
Processing by StaticPagesController#home as HTML
  Rendered offers/_search.html.erb (0.2ms)
  [1m[36mOffer Load (0.3ms)[0m  [1mSELECT "offers".* FROM "offers"[0m
  [1m[35mActsAsTaggableOn::Tag Load (0.1ms)[0m  SELECT "tags".* FROM "tags" INNER JOIN "taggings" ON "tags"."id" = "taggings"."tag_id" WHERE "taggings"."taggable_id" = ? AND "taggings"."taggable_type" = ? AND (taggings.context = 'tags' AND taggings.tagger_id IS NULL)  [["taggable_id", 117], ["taggable_type", "Offer"]]
  [1m[36mActsAsTaggableOn::Tag Load (0.1ms)[0m  [1mSELECT "tags".* FROM "tags" INNER JOIN "taggings" ON "tags"."id" = "taggings"."tag_id" WHERE "taggings"."taggable_id" = ? AND "taggings"."taggable_type" = ? AND (taggings.context = 'locations' AND taggings.tagger_id IS NULL)[0m  [["taggable_id", 117], ["taggable_type", "Offer"]]
  Rendered offers/_index_filler.html.erb (2.5ms)
  [1m[35mActsAsTaggableOn::Tag Load (0.1ms)[0m  SELECT "tags".* FROM "tags" INNER JOIN "taggings" ON "tags"."id" = "taggings"."tag_id" WHERE "taggings"."taggable_id" = ? AND "taggings"."taggable_type" = ? AND (taggings.context = 'tags' AND taggings.tagger_id IS NULL)  [["taggable_id", 126], ["taggable_type", "Offer"]]
  [1m[36mActsAsTaggableOn::Tag Load (0.0ms)[0m  [1mSELECT "tags".* FROM "tags" INNER JOIN "taggings" ON "tags"."id" = "taggings"."tag_id" WHERE "taggings"."taggable_id" = ? AND "taggings"."taggable_type" = ? AND (taggings.context = 'locations' AND taggings.tagger_id IS NULL)[0m  [["taggable_id", 126], ["taggable_type", "Offer"]]
  Rendered offers/_index_filler.html.erb (2.1ms)
  [1m[35mActsAsTaggableOn::Tag Load (0.1ms)[0m  SELECT "tags".* FROM "tags" INNER JOIN "taggings" ON "tags"."id" = "taggings"."tag_id" WHERE "taggings"."taggable_id" = ? AND "taggings"."taggable_type" = ? AND (taggings.context = 'tags' AND taggings.tagger_id IS NULL)  [["taggable_id", 125], ["taggable_type", "Offer"]]
  [1m[36mActsAsTaggableOn::Tag Load (0.0ms)[0m  [1mSELECT "tags".* FROM "tags" INNER JOIN "taggings" ON "tags"."id" = "taggings"."tag_id" WHERE "taggings"."taggable_id" = ? AND "taggings"."taggable_type" = ? AND (taggings.context = 'locations' AND taggings.tagger_id IS NULL)[0m  [["taggable_id", 125], ["taggable_type", "Offer"]]
  Rendered offers/_index_filler.html.erb (2.6ms)
  [1m[35mActsAsTaggableOn::Tag Load (0.2ms)[0m  SELECT "tags".* FROM "tags" INNER JOIN "taggings" ON "tags"."id" = "taggings"."tag_id" WHERE "taggings"."taggable_id" = ? AND "taggings"."taggable_type" = ? AND (taggings.context = 'tags' AND taggings.tagger_id IS NULL)  [["taggable_id", 124], ["taggable_type", "Offer"]]
  [1m[36mActsAsTaggableOn::Tag Load (0.2ms)[0m  [1mSELECT "tags".* FROM "tags" INNER JOIN "taggings" ON "tags"."id" = "taggings"."tag_id" WHERE "taggings"."taggable_id" = ? AND "taggings"."taggable_type" = ? AND (taggings.context = 'locations' AND taggings.tagger_id IS NULL)[0m  [["taggable_id", 124], ["taggable_type", "Offer"]]
  Rendered offers/_index_filler.html.erb (4.7ms)
  [1m[35mActsAsTaggableOn::Tag Load (0.0ms)[0m  SELECT "tags".* FROM "tags" INNER JOIN "taggings" ON "tags"."id" = "taggings"."tag_id" WHERE "taggings"."taggable_id" = ? AND "taggings"."taggable_type" = ? AND (taggings.context = 'tags' AND taggings.tagger_id IS NULL)  [["taggable_id", 122], ["taggable_type", "Offer"]]
  [1m[36mActsAsTaggableOn::Tag Load (0.1ms)[0m  [1mSELECT "tags".* FROM "tags" INNER JOIN "taggings" ON "tags"."id" = "taggings"."tag_id" WHERE "taggings"."taggable_id" = ? AND "taggings"."taggable_type" = ? AND (taggings.context = 'locations' AND taggings.tagger_id IS NULL)[0m  [["taggable_id", 122], ["taggable_type", "Offer"]]
  Rendered offers/_index_filler.html.erb (1.9ms)
  [1m[35mActsAsTaggableOn::Tag Load (0.1ms)[0m  SELECT "tags".* FROM "tags" INNER JOIN "taggings" ON "tags"."id" = "taggings"."tag_id" WHERE "taggings"."taggable_id" = ? AND "taggings"."taggable_type" = ? AND (taggings.context = 'tags' AND taggings.tagger_id IS NULL)  [["taggable_id", 119], ["taggable_type", "Offer"]]
  [1m[36mActsAsTaggableOn::Tag Load (0.5ms)[0m  [1mSELECT "tags".* FROM "tags" INNER JOIN "taggings" ON "tags"."id" = "taggings"."tag_id" WHERE "taggings"."taggable_id" = ? AND "taggings"."taggable_type" = ? AND (taggings.context = 'locations' AND taggings.tagger_id IS NULL)[0m  [["taggable_id", 119], ["taggable_type", "Offer"]]
  Rendered offers/_index_filler.html.erb (2.3ms)
  [1m[35mActsAsTaggableOn::Tag Load (0.1ms)[0m  SELECT "tags".* FROM "tags" INNER JOIN "taggings" ON "tags"."id" = "taggings"."tag_id" WHERE "taggings"."taggable_id" = ? AND "taggings"."taggable_type" = ? AND (taggings.context = 'tags' AND taggings.tagger_id IS NULL)  [["taggable_id", 120], ["taggable_type", "Offer"]]
  [1m[36mActsAsTaggableOn::Tag Load (0.1ms)[0m  [1mSELECT "tags".* FROM "tags" INNER JOIN "taggings" ON "tags"."id" = "taggings"."tag_id" WHERE "taggings"."taggable_id" = ? AND "taggings"."taggable_type" = ? AND (taggings.context = 'locations' AND taggings.tagger_id IS NULL)[0m  [["taggable_id", 120], ["taggable_type", "Offer"]]
  Rendered offers/_index_filler.html.erb (2.0ms)
  [1m[35mActsAsTaggableOn::Tag Load (0.1ms)[0m  SELECT "tags".* FROM "tags" INNER JOIN "taggings" ON "tags"."id" = "taggings"."tag_id" WHERE "taggings"."taggable_id" = ? AND "taggings"."taggable_type" = ? AND (taggings.context = 'tags' AND taggings.tagger_id IS NULL)  [["taggable_id", 116], ["taggable_type", "Offer"]]
  [1m[36mActsAsTaggableOn::Tag Load (0.1ms)[0m  [1mSELECT "tags".* FROM "tags" INNER JOIN "taggings" ON "tags"."id" = "taggings"."tag_id" WHERE "taggings"."taggable_id" = ? AND "taggings"."taggable_type" = ? AND (taggings.context = 'locations' AND taggings.tagger_id IS NULL)[0m  [["taggable_id", 116], ["taggable_type", "Offer"]]
  Rendered offers/_index_filler.html.erb (2.1ms)
  [1m[35mActsAsTaggableOn::Tag Load (0.1ms)[0m  SELECT "tags".* FROM "tags" INNER JOIN "taggings" ON "tags"."id" = "taggings"."tag_id" WHERE "taggings"."taggable_id" = ? AND "taggings"."taggable_type" = ? AND (taggings.context = 'tags' AND taggings.tagger_id IS NULL)  [["taggable_id", 110], ["taggable_type", "Offer"]]
  [1m[36mActsAsTaggableOn::Tag Load (0.1ms)[0m  [1mSELECT "tags".* FROM "tags" INNER JOIN "taggings" ON "tags"."id" = "taggings"."tag_id" WHERE "taggings"."taggable_id" = ? AND "taggings"."taggable_type" = ? AND (taggings.context = 'locations' AND taggings.tagger_id IS NULL)[0m  [["taggable_id", 110], ["taggable_type", "Offer"]]
  Rendered offers/_index_filler.html.erb (2.3ms)
  [1m[35mActsAsTaggableOn::Tag Load (0.1ms)[0m  SELECT "tags".* FROM "tags" INNER JOIN "taggings" ON "tags"."id" = "taggings"."tag_id" WHERE "taggings"."taggable_id" = ? AND "taggings"."taggable_type" = ? AND (taggings.context = 'tags' AND taggings.tagger_id IS NULL)  [["taggable_id", 94], ["taggable_type", "Offer"]]
  [1m[36mActsAsTaggableOn::Tag Load (0.0ms)[0m  [1mSELECT "tags".* FROM "tags" INNER JOIN "taggings" ON "tags"."id" = "taggings"."tag_id" WHERE "taggings"."taggable_id" = ? AND "taggings"."taggable_type" = ? AND (taggings.context = 'locations' AND taggings.tagger_id IS NULL)[0m  [["taggable_id", 94], ["taggable_type", "Offer"]]
  Rendered offers/_index_filler.html.erb (2.3ms)
  Rendered static_pages/home.html.erb within layouts/application (34.6ms)
Completed 200 OK in 71ms (Views: 68.5ms | ActiveRecord: 2.1ms)


Started GET "/" for 127.0.0.1 at 2016-01-04 13:20:06 +0100
Processing by StaticPagesController#home as HTML
  Rendered offers/_search.html.erb (0.2ms)
  [1m[35mOffer Load (0.3ms)[0m  SELECT "offers".* FROM "offers"
  [1m[36mActsAsTaggableOn::Tag Load (0.1ms)[0m  [1mSELECT "tags".* FROM "tags" INNER JOIN "taggings" ON "tags"."id" = "taggings"."tag_id" WHERE "taggings"."taggable_id" = ? AND "taggings"."taggable_type" = ? AND (taggings.context = 'tags' AND taggings.tagger_id IS NULL)[0m  [["taggable_id", 117], ["taggable_type", "Offer"]]
  [1m[35mActsAsTaggableOn::Tag Load (0.1ms)[0m  SELECT "tags".* FROM "tags" INNER JOIN "taggings" ON "tags"."id" = "taggings"."tag_id" WHERE "taggings"."taggable_id" = ? AND "taggings"."taggable_type" = ? AND (taggings.context = 'locations' AND taggings.tagger_id IS NULL)  [["taggable_id", 117], ["taggable_type", "Offer"]]
  Rendered offers/_index_filler.html.erb (2.2ms)
  [1m[36mActsAsTaggableOn::Tag Load (0.0ms)[0m  [1mSELECT "tags".* FROM "tags" INNER JOIN "taggings" ON "tags"."id" = "taggings"."tag_id" WHERE "taggings"."taggable_id" = ? AND "taggings"."taggable_type" = ? AND (taggings.context = 'tags' AND taggings.tagger_id IS NULL)[0m  [["taggable_id", 126], ["taggable_type", "Offer"]]
  [1m[35mActsAsTaggableOn::Tag Load (0.1ms)[0m  SELECT "tags".* FROM "tags" INNER JOIN "taggings" ON "tags"."id" = "taggings"."tag_id" WHERE "taggings"."taggable_id" = ? AND "taggings"."taggable_type" = ? AND (taggings.context = 'locations' AND taggings.tagger_id IS NULL)  [["taggable_id", 126], ["taggable_type", "Offer"]]
  Rendered offers/_index_filler.html.erb (3.3ms)
  [1m[36mActsAsTaggableOn::Tag Load (0.1ms)[0m  [1mSELECT "tags".* FROM "tags" INNER JOIN "taggings" ON "tags"."id" = "taggings"."tag_id" WHERE "taggings"."taggable_id" = ? AND "taggings"."taggable_type" = ? AND (taggings.context = 'tags' AND taggings.tagger_id IS NULL)[0m  [["taggable_id", 125], ["taggable_type", "Offer"]]
  [1m[35mActsAsTaggableOn::Tag Load (0.0ms)[0m  SELECT "tags".* FROM "tags" INNER JOIN "taggings" ON "tags"."id" = "taggings"."tag_id" WHERE "taggings"."taggable_id" = ? AND "taggings"."taggable_type" = ? AND (taggings.context = 'locations' AND taggings.tagger_id IS NULL)  [["taggable_id", 125], ["taggable_type", "Offer"]]
  Rendered offers/_index_filler.html.erb (1.9ms)
  [1m[36mActsAsTaggableOn::Tag Load (0.1ms)[0m  [1mSELECT "tags".* FROM "tags" INNER JOIN "taggings" ON "tags"."id" = "taggings"."tag_id" WHERE "taggings"."taggable_id" = ? AND "taggings"."taggable_type" = ? AND (taggings.context = 'tags' AND taggings.tagger_id IS NULL)[0m  [["taggable_id", 124], ["taggable_type", "Offer"]]
  [1m[35mActsAsTaggableOn::Tag Load (0.1ms)[0m  SELECT "tags".* FROM "tags" INNER JOIN "taggings" ON "tags"."id" = "taggings"."tag_id" WHERE "taggings"."taggable_id" = ? AND "taggings"."taggable_type" = ? AND (taggings.context = 'locations' AND taggings.tagger_id IS NULL)  [["taggable_id", 124], ["taggable_type", "Offer"]]
  Rendered offers/_index_filler.html.erb (4.3ms)
  [1m[36mActsAsTaggableOn::Tag Load (0.0ms)[0m  [1mSELECT "tags".* FROM "tags" INNER JOIN "taggings" ON "tags"."id" = "taggings"."tag_id" WHERE "taggings"."taggable_id" = ? AND "taggings"."taggable_type" = ? AND (taggings.context = 'tags' AND taggings.tagger_id IS NULL)[0m  [["taggable_id", 122], ["taggable_type", "Offer"]]
  [1m[35mActsAsTaggableOn::Tag Load (0.0ms)[0m  SELECT "tags".* FROM "tags" INNER JOIN "taggings" ON "tags"."id" = "taggings"."tag_id" WHERE "taggings"."taggable_id" = ? AND "taggings"."taggable_type" = ? AND (taggings.context = 'locations' AND taggings.tagger_id IS NULL)  [["taggable_id", 122], ["taggable_type", "Offer"]]
  Rendered offers/_index_filler.html.erb (2.0ms)
  [1m[36mActsAsTaggableOn::Tag Load (0.0ms)[0m  [1mSELECT "tags".* FROM "tags" INNER JOIN "taggings" ON "tags"."id" = "taggings"."tag_id" WHERE "taggings"."taggable_id" = ? AND "taggings"."taggable_type" = ? AND (taggings.context = 'tags' AND taggings.tagger_id IS NULL)[0m  [["taggable_id", 119], ["taggable_type", "Offer"]]
  [1m[35mActsAsTaggableOn::Tag Load (0.0ms)[0m  SELECT "tags".* FROM "tags" INNER JOIN "taggings" ON "tags"."id" = "taggings"."tag_id" WHERE "taggings"."taggable_id" = ? AND "taggings"."taggable_type" = ? AND (taggings.context = 'locations' AND taggings.tagger_id IS NULL)  [["taggable_id", 119], ["taggable_type", "Offer"]]
  Rendered offers/_index_filler.html.erb (2.0ms)
  [1m[36mActsAsTaggableOn::Tag Load (0.0ms)[0m  [1mSELECT "tags".* FROM "tags" INNER JOIN "taggings" ON "tags"."id" = "taggings"."tag_id" WHERE "taggings"."taggable_id" = ? AND "taggings"."taggable_type" = ? AND (taggings.context = 'tags' AND taggings.tagger_id IS NULL)[0m  [["taggable_id", 120], ["taggable_type", "Offer"]]
  [1m[35mActsAsTaggableOn::Tag Load (0.0ms)[0m  SELECT "tags".* FROM "tags" INNER JOIN "taggings" ON "tags"."id" = "taggings"."tag_id" WHERE "taggings"."taggable_id" = ? AND "taggings"."taggable_type" = ? AND (taggings.context = 'locations' AND taggings.tagger_id IS NULL)  [["taggable_id", 120], ["taggable_type", "Offer"]]
  Rendered offers/_index_filler.html.erb (1.7ms)
  [1m[36mActsAsTaggableOn::Tag Load (0.0ms)[0m  [1mSELECT "tags".* FROM "tags" INNER JOIN "taggings" ON "tags"."id" = "taggings"."tag_id" WHERE "taggings"."taggable_id" = ? AND "taggings"."taggable_type" = ? AND (taggings.context = 'tags' AND taggings.tagger_id IS NULL)[0m  [["taggable_id", 116], ["taggable_type", "Offer"]]
  [1m[35mActsAsTaggableOn::Tag Load (0.0ms)[0m  SELECT "tags".* FROM "tags" INNER JOIN "taggings" ON "tags"."id" = "taggings"."tag_id" WHERE "taggings"."taggable_id" = ? AND "taggings"."taggable_type" = ? AND (taggings.context = 'locations' AND taggings.tagger_id IS NULL)  [["taggable_id", 116], ["taggable_type", "Offer"]]
  Rendered offers/_index_filler.html.erb (1.9ms)
  [1m[36mActsAsTaggableOn::Tag Load (0.1ms)[0m  [1mSELECT "tags".* FROM "tags" INNER JOIN "taggings" ON "tags"."id" = "taggings"."tag_id" WHERE "taggings"."taggable_id" = ? AND "taggings"."taggable_type" = ? AND (taggings.context = 'tags' AND taggings.tagger_id IS NULL)[0m  [["taggable_id", 110], ["taggable_type", "Offer"]]
  [1m[35mActsAsTaggableOn::Tag Load (0.1ms)[0m  SELECT "tags".* FROM "tags" INNER JOIN "taggings" ON "tags"."id" = "taggings"."tag_id" WHERE "taggings"."taggable_id" = ? AND "taggings"."taggable_type" = ? AND (taggings.context = 'locations' AND taggings.tagger_id IS NULL)  [["taggable_id", 110], ["taggable_type", "Offer"]]
  Rendered offers/_index_filler.html.erb (1.9ms)
  [1m[36mActsAsTaggableOn::Tag Load (0.0ms)[0m  [1mSELECT "tags".* FROM "tags" INNER JOIN "taggings" ON "tags"."id" = "taggings"."tag_id" WHERE "taggings"."taggable_id" = ? AND "taggings"."taggable_type" = ? AND (taggings.context = 'tags' AND taggings.tagger_id IS NULL)[0m  [["taggable_id", 94], ["taggable_type", "Offer"]]
  [1m[35mActsAsTaggableOn::Tag Load (0.0ms)[0m  SELECT "tags".* FROM "tags" INNER JOIN "taggings" ON "tags"."id" = "taggings"."tag_id" WHERE "taggings"."taggable_id" = ? AND "taggings"."taggable_type" = ? AND (taggings.context = 'locations' AND taggings.tagger_id IS NULL)  [["taggable_id", 94], ["taggable_type", "Offer"]]
  Rendered offers/_index_filler.html.erb (1.9ms)
  Rendered static_pages/home.html.erb within layouts/application (29.4ms)
Completed 200 OK in 64ms (Views: 62.2ms | ActiveRecord: 1.5ms)
